==========================================
SLURM_JOB_ID = 22999000
SLURM_JOB_NODELIST = a03-18
TMPDIR = /tmp/SLURM_22999000
==========================================
/home1/bansalsi/csci-467-project/csci467/lib/python3.9/site-packages/datasets/load.py:1461: FutureWarning: The repository for ccdv/arxiv-classification contains custom code which must be executed to correctly load the dataset. You can inspect the repository content at https://hf.co/datasets/ccdv/arxiv-classification
You can avoid this message in future by passing the argument `trust_remote_code=True`.
Passing `trust_remote_code=True` will be mandatory to load this dataset from the next major release of `datasets`.
  warnings.warn(
=== Loading Data ===
=== Data Loaded, Processing ===
=== Data Processed, Vectorizing ===
=== Vectorized, Training Model ===
Accurracy train data points: 0.9417007186134987
Accurracy on validation: 0.0904
Starting feature size: 10
Train score:  0.28483866422432014
Validation score:  0.27
=== Classification Report ===
              precision    recall  f1-score   support

           0       0.42      0.44      0.43      2456
           1       0.32      0.35      0.33      2137
           2       0.21      0.05      0.08      2569
           3       0.26      0.21      0.23      2631
           4       0.38      0.43      0.40      2599
           5       0.24      0.17      0.20      2117
           6       0.33      0.23      0.27      2443
           7       0.32      0.33      0.32      2768
           8       0.21      0.36      0.27      3527
           9       0.24      0.22      0.23      2560
          10       0.25      0.31      0.28      2581

    accuracy                           0.28     28388
   macro avg       0.29      0.28      0.28     28388
weighted avg       0.28      0.28      0.28     28388

              precision    recall  f1-score   support

           0       0.39      0.39      0.39       217
           1       0.30      0.31      0.31       194
           2       0.19      0.06      0.09       221
           3       0.25      0.19      0.22       242
           4       0.39      0.39      0.39       232
           5       0.22      0.17      0.19       192
           6       0.33      0.23      0.27       217
           7       0.26      0.28      0.26       229
           8       0.22      0.40      0.28       291
           9       0.20      0.18      0.19       233
          10       0.25      0.34      0.29       232

    accuracy                           0.27      2500
   macro avg       0.27      0.27      0.26      2500
weighted avg       0.27      0.27      0.26      2500

Finished feature size: 10
Starting feature size: 50
Train score:  0.5366351979709737
Validation score:  0.524
=== Classification Report ===
              precision    recall  f1-score   support

           0       0.63      0.61      0.62      2456
           1       0.58      0.65      0.61      2137
           2       0.39      0.32      0.35      2569
           3       0.49      0.56      0.52      2631
           4       0.71      0.69      0.70      2599
           5       0.39      0.32      0.36      2117
           6       0.65      0.63      0.64      2443
           7       0.56      0.40      0.47      2768
           8       0.52      0.63      0.57      3527
           9       0.46      0.43      0.45      2560
          10       0.51      0.62      0.56      2581

    accuracy                           0.54     28388
   macro avg       0.53      0.53      0.53     28388
weighted avg       0.53      0.54      0.53     28388

              precision    recall  f1-score   support

           0       0.59      0.58      0.59       217
           1       0.53      0.59      0.56       194
           2       0.43      0.36      0.40       221
           3       0.47      0.54      0.50       242
           4       0.70      0.69      0.69       232
           5       0.30      0.27      0.28       192
           6       0.65      0.62      0.63       217
           7       0.59      0.42      0.49       229
           8       0.49      0.60      0.54       291
           9       0.45      0.42      0.44       233
          10       0.54      0.62      0.58       232

    accuracy                           0.52      2500
   macro avg       0.52      0.52      0.52      2500
weighted avg       0.52      0.52      0.52      2500

Finished feature size: 50
Starting feature size: 100
Train score:  0.5902494011554178
Validation score:  0.5792
=== Classification Report ===
              precision    recall  f1-score   support

           0       0.72      0.69      0.70      2456
           1       0.60      0.69      0.64      2137
           2       0.44      0.34      0.38      2569
           3       0.54      0.62      0.58      2631
           4       0.72      0.77      0.74      2599
           5       0.44      0.41      0.42      2117
           6       0.68      0.72      0.70      2443
           7       0.59      0.42      0.49      2768
           8       0.58      0.67      0.62      3527
           9       0.50      0.47      0.49      2560
          10       0.62      0.66      0.64      2581

    accuracy                           0.59     28388
   macro avg       0.58      0.59      0.58     28388
weighted avg       0.59      0.59      0.58     28388

              precision    recall  f1-score   support

           0       0.65      0.62      0.63       217
           1       0.58      0.67      0.62       194
           2       0.50      0.38      0.43       221
           3       0.54      0.62      0.57       242
           4       0.69      0.75      0.72       232
           5       0.44      0.40      0.42       192
           6       0.72      0.67      0.70       217
           7       0.55      0.42      0.48       229
           8       0.56      0.64      0.60       291
           9       0.46      0.48      0.47       233
          10       0.66      0.69      0.68       232

    accuracy                           0.58      2500
   macro avg       0.58      0.58      0.57      2500
weighted avg       0.58      0.58      0.58      2500

Finished feature size: 100
Starting feature size: 200
Train score:  0.6260039453290123
Validation score:  0.622
=== Classification Report ===
              precision    recall  f1-score   support

           0       0.76      0.72      0.74      2456
           1       0.59      0.71      0.64      2137
           2       0.46      0.34      0.39      2569
           3       0.60      0.65      0.62      2631
           4       0.74      0.82      0.78      2599
           5       0.49      0.49      0.49      2117
           6       0.70      0.76      0.73      2443
           7       0.66      0.48      0.56      2768
           8       0.64      0.70      0.67      3527
           9       0.53      0.50      0.52      2560
          10       0.64      0.71      0.67      2581

    accuracy                           0.63     28388
   macro avg       0.62      0.62      0.62     28388
weighted avg       0.62      0.63      0.62     28388

              precision    recall  f1-score   support

           0       0.71      0.66      0.69       217
           1       0.59      0.74      0.66       194
           2       0.52      0.35      0.42       221
           3       0.63      0.69      0.66       242
           4       0.69      0.77      0.73       232
           5       0.48      0.48      0.48       192
           6       0.71      0.75      0.73       217
           7       0.65      0.47      0.54       229
           8       0.63      0.69      0.66       291
           9       0.51      0.48      0.50       233
          10       0.65      0.73      0.69       232

    accuracy                           0.62      2500
   macro avg       0.62      0.62      0.61      2500
weighted avg       0.62      0.62      0.62      2500

Finished feature size: 200
Starting feature size: 500
Train score:  0.6677469353247851
Validation score:  0.6472
=== Classification Report ===
              precision    recall  f1-score   support

           0       0.81      0.79      0.80      2456
           1       0.63      0.74      0.68      2137
           2       0.51      0.39      0.44      2569
           3       0.62      0.70      0.65      2631
           4       0.79      0.84      0.81      2599
           5       0.54      0.49      0.52      2117
           6       0.74      0.79      0.76      2443
           7       0.71      0.60      0.65      2768
           8       0.69      0.72      0.71      3527
           9       0.56      0.54      0.55      2560
          10       0.68      0.73      0.70      2581

    accuracy                           0.67     28388
   macro avg       0.66      0.67      0.66     28388
weighted avg       0.66      0.67      0.66     28388

              precision    recall  f1-score   support

           0       0.77      0.73      0.75       217
           1       0.61      0.73      0.67       194
           2       0.47      0.38      0.42       221
           3       0.63      0.76      0.69       242
           4       0.77      0.80      0.79       232
           5       0.51      0.41      0.45       192
           6       0.69      0.65      0.67       217
           7       0.70      0.58      0.63       229
           8       0.69      0.74      0.72       291
           9       0.54      0.51      0.52       233
          10       0.65      0.77      0.70       232

    accuracy                           0.65      2500
   macro avg       0.64      0.64      0.64      2500
weighted avg       0.64      0.65      0.64      2500

Finished feature size: 500
Starting feature size: 1000
Train score:  0.6969141890939834
Validation score:  0.6652
=== Classification Report ===
              precision    recall  f1-score   support

           0       0.84      0.81      0.83      2456
           1       0.64      0.77      0.70      2137
           2       0.54      0.43      0.48      2569
           3       0.66      0.72      0.69      2631
           4       0.80      0.85      0.83      2599
           5       0.58      0.52      0.55      2117
           6       0.76      0.81      0.78      2443
           7       0.76      0.64      0.69      2768
           8       0.72      0.74      0.73      3527
           9       0.58      0.57      0.58      2560
          10       0.72      0.77      0.74      2581

    accuracy                           0.70     28388
   macro avg       0.69      0.69      0.69     28388
weighted avg       0.69      0.70      0.69     28388

              precision    recall  f1-score   support

           0       0.81      0.78      0.79       217
           1       0.61      0.73      0.66       194
           2       0.47      0.38      0.42       221
           3       0.65      0.68      0.66       242
           4       0.77      0.80      0.78       232
           5       0.54      0.43      0.48       192
           6       0.76      0.73      0.74       217
           7       0.68      0.59      0.63       229
           8       0.69      0.77      0.73       291
           9       0.55      0.58      0.57       233
          10       0.72      0.78      0.75       232

    accuracy                           0.67      2500
   macro avg       0.66      0.66      0.66      2500
weighted avg       0.66      0.67      0.66      2500

Finished feature size: 1000
Starting feature size: 2000
Train score:  0.7370720022544737
Validation score:  0.6568
=== Classification Report ===
              precision    recall  f1-score   support

           0       0.88      0.88      0.88      2456
           1       0.66      0.80      0.72      2137
           2       0.58      0.46      0.51      2569
           3       0.71      0.75      0.72      2631
           4       0.86      0.89      0.87      2599
           5       0.66      0.59      0.62      2117
           6       0.80      0.85      0.82      2443
           7       0.80      0.69      0.74      2768
           8       0.75      0.77      0.76      3527
           9       0.61      0.62      0.62      2560
          10       0.75      0.81      0.77      2581

    accuracy                           0.74     28388
   macro avg       0.73      0.74      0.73     28388
weighted avg       0.74      0.74      0.73     28388

              precision    recall  f1-score   support

           0       0.79      0.76      0.78       217
           1       0.60      0.68      0.63       194
           2       0.43      0.35      0.39       221
           3       0.63      0.70      0.66       242
           4       0.75      0.76      0.76       232
           5       0.52      0.46      0.49       192
           6       0.75      0.75      0.75       217
           7       0.70      0.64      0.67       229
           8       0.74      0.77      0.76       291
           9       0.54      0.54      0.54       233
          10       0.68      0.75      0.71       232

    accuracy                           0.66      2500
   macro avg       0.65      0.65      0.65      2500
weighted avg       0.65      0.66      0.65      2500

Finished feature size: 2000
Starting feature size: 20000
Train score:  0.9244046780329717
Validation score:  0.5748
=== Classification Report ===
              precision    recall  f1-score   support

           0       0.99      0.99      0.99      2456
           1       0.82      0.97      0.89      2137
           2       0.90      0.72      0.80      2569
           3       0.93      0.96      0.94      2631
           4       0.99      0.99      0.99      2599
           5       0.95      0.87      0.91      2117
           6       0.91      0.97      0.94      2443
           7       0.94      0.91      0.92      2768
           8       0.94      0.95      0.94      3527
           9       0.87      0.88      0.87      2560
          10       0.93      0.96      0.95      2581

    accuracy                           0.92     28388
   macro avg       0.92      0.92      0.92     28388
weighted avg       0.93      0.92      0.92     28388

              precision    recall  f1-score   support

           0       0.88      0.65      0.75       217
           1       0.52      0.51      0.52       194
           2       0.29      0.37      0.32       221
           3       0.65      0.63      0.64       242
           4       0.80      0.74      0.77       232
           5       0.35      0.56      0.43       192
           6       0.67      0.64      0.66       217
           7       0.64      0.62      0.63       229
           8       0.71      0.59      0.65       291
           9       0.41      0.39      0.40       233
          10       0.65      0.59      0.62       232

    accuracy                           0.57      2500
   macro avg       0.60      0.57      0.58      2500
weighted avg       0.60      0.57      0.58      2500

Finished feature size: 20000
=== Finished Training ===
Training accuracies:  [0.28483866422432014, 0.5366351979709737, 0.5902494011554178, 0.6260039453290123, 0.6677469353247851, 0.6969141890939834, 0.7370720022544737, 0.9244046780329717]
Validation accuracies:  [0.27, 0.524, 0.5792, 0.622, 0.6472, 0.6652, 0.6568, 0.5748]
Features: [10, 50, 100, 200, 500, 1000, 2000, 20000]
Training Accuracies: [0.28483866422432014, 0.5366351979709737, 0.5902494011554178, 0.6260039453290123, 0.6677469353247851, 0.6969141890939834, 0.7370720022544737, 0.9244046780329717]
Validation Accuracies: [0.27, 0.524, 0.5792, 0.622, 0.6472, 0.6652, 0.6568, 0.5748]
=== Finished ===
=== Saving Classification Reports ===
[{'0': {'precision': 0.38990825688073394, 'recall': 0.391705069124424, 'f1-score': 0.39080459770114945, 'support': 217.0}, '1': {'precision': 0.30198019801980197, 'recall': 0.31443298969072164, 'f1-score': 0.30808080808080807, 'support': 194.0}, '2': {'precision': 0.19117647058823528, 'recall': 0.058823529411764705, 'f1-score': 0.08996539792387544, 'support': 221.0}, '3': {'precision': 0.24607329842931938, 'recall': 0.19421487603305784, 'f1-score': 0.21709006928406466, 'support': 242.0}, '4': {'precision': 0.39473684210526316, 'recall': 0.3879310344827586, 'f1-score': 0.391304347826087, 'support': 232.0}, '5': {'precision': 0.21621621621621623, 'recall': 0.16666666666666666, 'f1-score': 0.18823529411764706, 'support': 192.0}, '6': {'precision': 0.3333333333333333, 'recall': 0.22580645161290322, 'f1-score': 0.2692307692307692, 'support': 217.0}, '7': {'precision': 0.2550607287449393, 'recall': 0.27510917030567683, 'f1-score': 0.2647058823529412, 'support': 229.0}, '8': {'precision': 0.21601489757914338, 'recall': 0.39862542955326463, 'f1-score': 0.28019323671497587, 'support': 291.0}, '9': {'precision': 0.2, 'recall': 0.1759656652360515, 'f1-score': 0.1872146118721461, 'support': 233.0}, '10': {'precision': 0.2524271844660194, 'recall': 0.33620689655172414, 'f1-score': 0.28835489833641403, 'support': 232.0}, 'accuracy': 0.27, 'macro avg': {'precision': 0.2724479478511823, 'recall': 0.26595343442445574, 'f1-score': 0.26137999213098895, 'support': 2500.0}, 'weighted avg': {'precision': 0.2707408525873449, 'recall': 0.27, 'f1-score': 0.2620042024756813, 'support': 2500.0}}, {'0': {'precision': 0.5915492957746479, 'recall': 0.5806451612903226, 'f1-score': 0.586046511627907, 'support': 217.0}, '1': {'precision': 0.5302325581395348, 'recall': 0.5876288659793815, 'f1-score': 0.5574572127139364, 'support': 194.0}, '2': {'precision': 0.43478260869565216, 'recall': 0.36199095022624433, 'f1-score': 0.3950617283950617, 'support': 221.0}, '3': {'precision': 0.4744525547445255, 'recall': 0.5371900826446281, 'f1-score': 0.5038759689922481, 'support': 242.0}, '4': {'precision': 0.6973684210526315, 'recall': 0.6853448275862069, 'f1-score': 0.691304347826087, 'support': 232.0}, '5': {'precision': 0.30357142857142855, 'recall': 0.265625, 'f1-score': 0.2833333333333333, 'support': 192.0}, '6': {'precision': 0.6473429951690821, 'recall': 0.6175115207373272, 'f1-score': 0.6320754716981132, 'support': 217.0}, '7': {'precision': 0.5925925925925926, 'recall': 0.4192139737991266, 'f1-score': 0.49104859335038364, 'support': 229.0}, '8': {'precision': 0.49162011173184356, 'recall': 0.6048109965635738, 'f1-score': 0.5423728813559322, 'support': 291.0}, '9': {'precision': 0.4479638009049774, 'recall': 0.4248927038626609, 'f1-score': 0.43612334801762115, 'support': 233.0}, '10': {'precision': 0.5370370370370371, 'recall': 0.625, 'f1-score': 0.5776892430278885, 'support': 232.0}, 'accuracy': 0.524, 'macro avg': {'precision': 0.5225921276739958, 'recall': 0.5190776438808611, 'f1-score': 0.5178535127580466, 'support': 2500.0}, 'weighted avg': {'precision': 0.5241670882299283, 'recall': 0.524, 'f1-score': 0.52097187425509, 'support': 2500.0}}, {'0': {'precision': 0.6473429951690821, 'recall': 0.6175115207373272, 'f1-score': 0.6320754716981132, 'support': 217.0}, '1': {'precision': 0.5803571428571429, 'recall': 0.6701030927835051, 'f1-score': 0.6220095693779905, 'support': 194.0}, '2': {'precision': 0.4970414201183432, 'recall': 0.38009049773755654, 'f1-score': 0.4307692307692308, 'support': 221.0}, '3': {'precision': 0.5379061371841155, 'recall': 0.6157024793388429, 'f1-score': 0.5741811175337187, 'support': 242.0}, '4': {'precision': 0.6904761904761905, 'recall': 0.75, 'f1-score': 0.71900826446281, 'support': 232.0}, '5': {'precision': 0.4367816091954023, 'recall': 0.3958333333333333, 'f1-score': 0.41530054644808745, 'support': 192.0}, '6': {'precision': 0.725, 'recall': 0.6682027649769585, 'f1-score': 0.6954436450839329, 'support': 217.0}, '7': {'precision': 0.5485714285714286, 'recall': 0.4192139737991266, 'f1-score': 0.4752475247524752, 'support': 229.0}, '8': {'precision': 0.5632530120481928, 'recall': 0.6426116838487973, 'f1-score': 0.6003210272873194, 'support': 291.0}, '9': {'precision': 0.45528455284552843, 'recall': 0.48068669527896996, 'f1-score': 0.46764091858037576, 'support': 233.0}, '10': {'precision': 0.6598360655737705, 'recall': 0.6939655172413793, 'f1-score': 0.6764705882352942, 'support': 232.0}, 'accuracy': 0.5792, 'macro avg': {'precision': 0.576531868549018, 'recall': 0.5758110508250724, 'f1-score': 0.5734970822026679, 'support': 2500.0}, 'weighted avg': {'precision': 0.5772609806166735, 'recall': 0.5792, 'f1-score': 0.5755470280505367, 'support': 2500.0}}, {'0': {'precision': 0.7128712871287128, 'recall': 0.663594470046083, 'f1-score': 0.6873508353221957, 'support': 217.0}, '1': {'precision': 0.5909090909090909, 'recall': 0.7371134020618557, 'f1-score': 0.6559633027522935, 'support': 194.0}, '2': {'precision': 0.5167785234899329, 'recall': 0.34841628959276016, 'f1-score': 0.41621621621621624, 'support': 221.0}, '3': {'precision': 0.630188679245283, 'recall': 0.6900826446280992, 'f1-score': 0.6587771203155819, 'support': 242.0}, '4': {'precision': 0.6911196911196911, 'recall': 0.771551724137931, 'f1-score': 0.7291242362525459, 'support': 232.0}, '5': {'precision': 0.484375, 'recall': 0.484375, 'f1-score': 0.484375, 'support': 192.0}, '6': {'precision': 0.7136563876651982, 'recall': 0.7465437788018433, 'f1-score': 0.7297297297297297, 'support': 217.0}, '7': {'precision': 0.6524390243902439, 'recall': 0.4672489082969432, 'f1-score': 0.544529262086514, 'support': 229.0}, '8': {'precision': 0.6309148264984227, 'recall': 0.6872852233676976, 'f1-score': 0.6578947368421053, 'support': 291.0}, '9': {'precision': 0.5113122171945701, 'recall': 0.48497854077253216, 'f1-score': 0.4977973568281938, 'support': 233.0}, '10': {'precision': 0.648854961832061, 'recall': 0.7327586206896551, 'f1-score': 0.6882591093117408, 'support': 232.0}, 'accuracy': 0.622, 'macro avg': {'precision': 0.616674517224837, 'recall': 0.6194498729450364, 'f1-score': 0.6136379005142834, 'support': 2500.0}, 'weighted avg': {'precision': 0.6187684801291295, 'recall': 0.622, 'f1-score': 0.6160542000004462, 'support': 2500.0}}, {'0': {'precision': 0.7745098039215687, 'recall': 0.728110599078341, 'f1-score': 0.7505938242280285, 'support': 217.0}, '1': {'precision': 0.6147186147186147, 'recall': 0.7319587628865979, 'f1-score': 0.668235294117647, 'support': 194.0}, '2': {'precision': 0.4696132596685083, 'recall': 0.38461538461538464, 'f1-score': 0.4228855721393035, 'support': 221.0}, '3': {'precision': 0.6332179930795848, 'recall': 0.756198347107438, 'f1-score': 0.6892655367231638, 'support': 242.0}, '4': {'precision': 0.7740585774058577, 'recall': 0.7974137931034483, 'f1-score': 0.7855626326963907, 'support': 232.0}, '5': {'precision': 0.5064935064935064, 'recall': 0.40625, 'f1-score': 0.4508670520231214, 'support': 192.0}, '6': {'precision': 0.6893203883495146, 'recall': 0.6543778801843319, 'f1-score': 0.6713947990543735, 'support': 217.0}, '7': {'precision': 0.7021276595744681, 'recall': 0.5764192139737991, 'f1-score': 0.6330935251798561, 'support': 229.0}, '8': {'precision': 0.6900958466453674, 'recall': 0.7422680412371134, 'f1-score': 0.7152317880794702, 'support': 291.0}, '9': {'precision': 0.536036036036036, 'recall': 0.5107296137339056, 'f1-score': 0.5230769230769231, 'support': 233.0}, '10': {'precision': 0.652014652014652, 'recall': 0.7672413793103449, 'f1-score': 0.7049504950495049, 'support': 232.0}, 'accuracy': 0.6472, 'macro avg': {'precision': 0.6402005761734254, 'recall': 0.6414166377482459, 'f1-score': 0.6377415856697983, 'support': 2500.0}, 'weighted avg': {'precision': 0.6434108447901197, 'recall': 0.6472, 'f1-score': 0.6423289839762478, 'support': 2500.0}}, {'0': {'precision': 0.8086124401913876, 'recall': 0.7788018433179723, 'f1-score': 0.7934272300469484, 'support': 217.0}, '1': {'precision': 0.6068376068376068, 'recall': 0.7319587628865979, 'f1-score': 0.6635514018691588, 'support': 194.0}, '2': {'precision': 0.4748603351955307, 'recall': 0.38461538461538464, 'f1-score': 0.425, 'support': 221.0}, '3': {'precision': 0.6507936507936508, 'recall': 0.6776859504132231, 'f1-score': 0.6639676113360324, 'support': 242.0}, '4': {'precision': 0.7654320987654321, 'recall': 0.8017241379310345, 'f1-score': 0.783157894736842, 'support': 232.0}, '5': {'precision': 0.538961038961039, 'recall': 0.4322916666666667, 'f1-score': 0.4797687861271676, 'support': 192.0}, '6': {'precision': 0.7571428571428571, 'recall': 0.7327188940092166, 'f1-score': 0.7447306791569087, 'support': 217.0}, '7': {'precision': 0.6802030456852792, 'recall': 0.5851528384279476, 'f1-score': 0.6291079812206573, 'support': 229.0}, '8': {'precision': 0.6925465838509317, 'recall': 0.7663230240549829, 'f1-score': 0.7275693311582382, 'support': 291.0}, '9': {'precision': 0.5528455284552846, 'recall': 0.5836909871244635, 'f1-score': 0.5678496868475992, 'support': 233.0}, '10': {'precision': 0.7165354330708661, 'recall': 0.7844827586206896, 'f1-score': 0.7489711934156379, 'support': 232.0}, 'accuracy': 0.6652, 'macro avg': {'precision': 0.6586155108136241, 'recall': 0.659949658915289, 'f1-score': 0.6570092541741084, 'support': 2500.0}, 'weighted avg': {'precision': 0.6613356564709898, 'recall': 0.6652, 'f1-score': 0.6611125342772135, 'support': 2500.0}}, {'0': {'precision': 0.7942583732057417, 'recall': 0.7649769585253456, 'f1-score': 0.7793427230046949, 'support': 217.0}, '1': {'precision': 0.5954545454545455, 'recall': 0.6752577319587629, 'f1-score': 0.6328502415458938, 'support': 194.0}, '2': {'precision': 0.43333333333333335, 'recall': 0.35294117647058826, 'f1-score': 0.38902743142144636, 'support': 221.0}, '3': {'precision': 0.6296296296296297, 'recall': 0.7024793388429752, 'f1-score': 0.6640625, 'support': 242.0}, '4': {'precision': 0.7531914893617021, 'recall': 0.7629310344827587, 'f1-score': 0.7580299785867237, 'support': 232.0}, '5': {'precision': 0.52046783625731, 'recall': 0.4635416666666667, 'f1-score': 0.4903581267217631, 'support': 192.0}, '6': {'precision': 0.7465437788018433, 'recall': 0.7465437788018433, 'f1-score': 0.7465437788018433, 'support': 217.0}, '7': {'precision': 0.7033492822966507, 'recall': 0.6419213973799127, 'f1-score': 0.6712328767123288, 'support': 229.0}, '8': {'precision': 0.7417218543046358, 'recall': 0.7697594501718213, 'f1-score': 0.7554806070826307, 'support': 291.0}, '9': {'precision': 0.5364806866952789, 'recall': 0.5364806866952789, 'f1-score': 0.5364806866952789, 'support': 233.0}, '10': {'precision': 0.6811023622047244, 'recall': 0.7456896551724138, 'f1-score': 0.7119341563786008, 'support': 232.0}, 'accuracy': 0.6568, 'macro avg': {'precision': 0.6486848337768542, 'recall': 0.6511384431971242, 'f1-score': 0.6486675551773823, 'support': 2500.0}, 'weighted avg': {'precision': 0.6530413316857046, 'recall': 0.6568, 'f1-score': 0.6537224520667058, 'support': 2500.0}}, {'0': {'precision': 0.8819875776397516, 'recall': 0.6543778801843319, 'f1-score': 0.7513227513227513, 'support': 217.0}, '1': {'precision': 0.5210526315789473, 'recall': 0.5103092783505154, 'f1-score': 0.515625, 'support': 194.0}, '2': {'precision': 0.2862190812720848, 'recall': 0.3665158371040724, 'f1-score': 0.32142857142857145, 'support': 221.0}, '3': {'precision': 0.6455696202531646, 'recall': 0.6322314049586777, 'f1-score': 0.6388308977035491, 'support': 242.0}, '4': {'precision': 0.7962962962962963, 'recall': 0.7413793103448276, 'f1-score': 0.7678571428571429, 'support': 232.0}, '5': {'precision': 0.34951456310679613, 'recall': 0.5625, 'f1-score': 0.4311377245508982, 'support': 192.0}, '6': {'precision': 0.6747572815533981, 'recall': 0.6405529953917051, 'f1-score': 0.6572104018912529, 'support': 217.0}, '7': {'precision': 0.6355555555555555, 'recall': 0.6244541484716157, 'f1-score': 0.6299559471365639, 'support': 229.0}, '8': {'precision': 0.7107438016528925, 'recall': 0.5910652920962199, 'f1-score': 0.6454033771106942, 'support': 291.0}, '9': {'precision': 0.4125560538116592, 'recall': 0.3948497854077253, 'f1-score': 0.40350877192982454, 'support': 233.0}, '10': {'precision': 0.6538461538461539, 'recall': 0.5862068965517241, 'f1-score': 0.6181818181818182, 'support': 232.0}, 'accuracy': 0.5748, 'macro avg': {'precision': 0.5970998742333363, 'recall': 0.5731311662601286, 'f1-score': 0.5800420367375515, 'support': 2500.0}, 'weighted avg': {'precision': 0.6041656734498038, 'recall': 0.5748, 'f1-score': 0.5846980225381432, 'support': 2500.0}}]
[{'0': {'precision': 0.41960480433940334, 'recall': 0.44096091205211724, 'f1-score': 0.43001786777843953, 'support': 2456.0}, '1': {'precision': 0.31670190274841437, 'recall': 0.35049134300421153, 'f1-score': 0.33274100399822304, 'support': 2137.0}, '2': {'precision': 0.21280276816608998, 'recall': 0.047878551965745426, 'f1-score': 0.07816968541468065, 'support': 2569.0}, '3': {'precision': 0.2613796339746598, 'recall': 0.21170657544659824, 'f1-score': 0.23393532129357414, 'support': 2631.0}, '4': {'precision': 0.37516914749661706, 'recall': 0.42670257791458255, 'f1-score': 0.39927992799279927, 'support': 2599.0}, '5': {'precision': 0.23602892833662065, 'recall': 0.16957959376476145, 'f1-score': 0.19736118746564046, 'support': 2117.0}, '6': {'precision': 0.3266627427898764, 'recall': 0.2271796970937372, 'f1-score': 0.2679864799613713, 'support': 2443.0}, '7': {'precision': 0.32029861357980804, 'recall': 0.3255057803468208, 'f1-score': 0.32288120408528936, 'support': 2768.0}, '8': {'precision': 0.2097457627118644, 'recall': 0.36489934788772327, 'f1-score': 0.2663769015833592, 'support': 3527.0}, '9': {'precision': 0.23684210526315788, 'recall': 0.21796875, 'f1-score': 0.22701383238405207, 'support': 2560.0}, '10': {'precision': 0.247539975399754, 'recall': 0.31189461449050754, 'f1-score': 0.2760157723298474, 'support': 2581.0}, 'accuracy': 0.28483866422432014, 'macro avg': {'precision': 0.2875251258914787, 'recall': 0.28134252217880046, 'f1-score': 0.2756162894806615, 'support': 28388.0}, 'weighted avg': {'precision': 0.2848412274115491, 'recall': 0.28483866422432014, 'f1-score': 0.27548699881303834, 'support': 28388.0}}, {'0': {'precision': 0.6257770410277662, 'recall': 0.6148208469055375, 'f1-score': 0.6202505647976997, 'support': 2456.0}, '1': {'precision': 0.575051975051975, 'recall': 0.6471689284043051, 'f1-score': 0.6089828269484808, 'support': 2137.0}, '2': {'precision': 0.3933649289099526, 'recall': 0.32308291163876995, 'f1-score': 0.3547766616798461, 'support': 2569.0}, '3': {'precision': 0.4894613583138173, 'recall': 0.556062333713417, 'f1-score': 0.5206405693950178, 'support': 2631.0}, '4': {'precision': 0.7074030552291422, 'recall': 0.6948826471719892, 'f1-score': 0.7010869565217391, 'support': 2599.0}, '5': {'precision': 0.39312320916905447, 'recall': 0.3240434577231932, 'f1-score': 0.35525634386328325, 'support': 2117.0}, '6': {'precision': 0.6455696202531646, 'recall': 0.6262791649611134, 'f1-score': 0.6357781009765219, 'support': 2443.0}, '7': {'precision': 0.5603053435114503, 'recall': 0.3977601156069364, 'f1-score': 0.46524403126980773, 'support': 2768.0}, '8': {'precision': 0.516383918196607, 'recall': 0.6299971647292316, 'f1-score': 0.5675606641123883, 'support': 3527.0}, '9': {'precision': 0.46208630079597823, 'recall': 0.430859375, 'f1-score': 0.44592682433798264, 'support': 2560.0}, '10': {'precision': 0.5082592121982211, 'recall': 0.6199147617202635, 'f1-score': 0.558561703613196, 'support': 2581.0}, 'accuracy': 0.5366351979709737, 'macro avg': {'precision': 0.5342532693324663, 'recall': 0.5331701552340689, 'f1-score': 0.5303695679559968, 'support': 28388.0}, 'weighted avg': {'precision': 0.534697759729954, 'recall': 0.5366351979709737, 'f1-score': 0.532132211466824, 'support': 28388.0}}, {'0': {'precision': 0.7230571060541005, 'recall': 0.6856677524429967, 'f1-score': 0.7038662486938349, 'support': 2456.0}, '1': {'precision': 0.6045360824742269, 'recall': 0.6860084230229293, 'f1-score': 0.6427005699254713, 'support': 2137.0}, '2': {'precision': 0.43746885899352267, 'recall': 0.34176722460101205, 'f1-score': 0.38374125874125875, 'support': 2569.0}, '3': {'precision': 0.5397821063057114, 'recall': 0.621436716077537, 'f1-score': 0.5777385159010601, 'support': 2631.0}, '4': {'precision': 0.7176724137931034, 'recall': 0.7687572143131974, 'f1-score': 0.7423369868103288, 'support': 2599.0}, '5': {'precision': 0.44170518746789933, 'recall': 0.406235238545111, 'f1-score': 0.42322834645669294, 'support': 2117.0}, '6': {'precision': 0.6836616454229433, 'recall': 0.7245190339746214, 'f1-score': 0.7034976152623211, 'support': 2443.0}, '7': {'precision': 0.5864509605662285, 'recall': 0.4190751445086705, 'f1-score': 0.4888327012220818, 'support': 2768.0}, '8': {'precision': 0.5818448739907022, 'recall': 0.6742273887156224, 'f1-score': 0.6246388232203836, 'support': 3527.0}, '9': {'precision': 0.49835390946502056, 'recall': 0.473046875, 'f1-score': 0.48537074148296594, 'support': 2560.0}, '10': {'precision': 0.616600790513834, 'recall': 0.6648585819449826, 'f1-score': 0.639821029082774, 'support': 2581.0}, 'accuracy': 0.5902494011554178, 'macro avg': {'precision': 0.5846485395497539, 'recall': 0.5877817811951528, 'f1-score': 0.5832520760726521, 'support': 28388.0}, 'weighted avg': {'precision': 0.5856329344866223, 'recall': 0.5902494011554178, 'f1-score': 0.5848273244596145, 'support': 28388.0}}, {'0': {'precision': 0.756525459991442, 'recall': 0.7198697068403909, 'f1-score': 0.7377425412059253, 'support': 2456.0}, '1': {'precision': 0.5926944226237235, 'recall': 0.7061300889096864, 'f1-score': 0.6444586803331198, 'support': 2137.0}, '2': {'precision': 0.4579390115667718, 'recall': 0.3390424289606851, 'f1-score': 0.3896220084992172, 'support': 2569.0}, '3': {'precision': 0.5995111731843575, 'recall': 0.6526035727860129, 'f1-score': 0.6249317561419472, 'support': 2631.0}, '4': {'precision': 0.736426116838488, 'recall': 0.8245479030396307, 'f1-score': 0.7779996369577056, 'support': 2599.0}, '5': {'precision': 0.49104618284637136, 'recall': 0.49220595181861126, 'f1-score': 0.49162538334512856, 'support': 2117.0}, '6': {'precision': 0.6995073891625616, 'recall': 0.7556283258288989, 'f1-score': 0.7264856355765447, 'support': 2443.0}, '7': {'precision': 0.6634856855851331, 'recall': 0.4772398843930636, 'f1-score': 0.5551586467745324, 'support': 2768.0}, '8': {'precision': 0.641548927263213, 'recall': 0.6952083924014744, 'f1-score': 0.6673016736971017, 'support': 3527.0}, '9': {'precision': 0.5335556481867445, 'recall': 0.5, 'f1-score': 0.5162331115144182, 'support': 2560.0}, '10': {'precision': 0.6379551820728291, 'recall': 0.70592793490895, 'f1-score': 0.6702225491999264, 'support': 2581.0}, 'accuracy': 0.6260039453290123, 'macro avg': {'precision': 0.619108654483785, 'recall': 0.624400380898855, 'f1-score': 0.6183437839314152, 'support': 28388.0}, 'weighted avg': {'precision': 0.6218304479064088, 'recall': 0.6260039453290123, 'f1-score': 0.6204554027895341, 'support': 28388.0}}, {'0': {'precision': 0.8134736842105263, 'recall': 0.7866449511400652, 'f1-score': 0.7998344028151522, 'support': 2456.0}, '1': {'precision': 0.6286052943500593, 'recall': 0.744501637810014, 'f1-score': 0.681662382176521, 'support': 2137.0}, '2': {'precision': 0.5104966717869943, 'recall': 0.38808875048657065, 'f1-score': 0.44095532950022115, 'support': 2569.0}, '3': {'precision': 0.6169354838709677, 'recall': 0.6978335233751425, 'f1-score': 0.6548956661316212, 'support': 2631.0}, '4': {'precision': 0.7890341321713871, 'recall': 0.8360908041554445, 'f1-score': 0.8118811881188119, 'support': 2599.0}, '5': {'precision': 0.5427083333333333, 'recall': 0.49220595181861126, 'f1-score': 0.5162249194946743, 'support': 2117.0}, '6': {'precision': 0.7351475661172863, 'recall': 0.7851002865329513, 'f1-score': 0.7593032462391133, 'support': 2443.0}, '7': {'precision': 0.7116538131962297, 'recall': 0.6000722543352601, 'f1-score': 0.6511172089376716, 'support': 2768.0}, '8': {'precision': 0.6889189189189189, 'recall': 0.7227105188545506, 'f1-score': 0.7054102670541027, 'support': 3527.0}, '9': {'precision': 0.5591919191919192, 'recall': 0.540625, 'f1-score': 0.549751737835154, 'support': 2560.0}, '10': {'precision': 0.6783773994929373, 'recall': 0.7256877179387834, 'f1-score': 0.701235492324972, 'support': 2581.0}, 'accuracy': 0.6677469353247851, 'macro avg': {'precision': 0.6613221106036872, 'recall': 0.6654146724043085, 'f1-score': 0.6611156218752743, 'support': 28388.0}, 'weighted avg': {'precision': 0.6641369948116753, 'recall': 0.6677469353247851, 'f1-score': 0.6637446610167964, 'support': 28388.0}}, {'0': {'precision': 0.8421052631578947, 'recall': 0.8143322475570033, 'f1-score': 0.827985924239288, 'support': 2456.0}, '1': {'precision': 0.6394211967149003, 'recall': 0.7650912494150679, 'f1-score': 0.6966340008521517, 'support': 2137.0}, '2': {'precision': 0.5414825724104074, 'recall': 0.429349941611522, 'f1-score': 0.47894051237516283, 'support': 2569.0}, '3': {'precision': 0.6627218934911243, 'recall': 0.7236792094260738, 'f1-score': 0.6918604651162791, 'support': 2631.0}, '4': {'precision': 0.7974865350089767, 'recall': 0.8545594459407464, 'f1-score': 0.825037147102526, 'support': 2599.0}, '5': {'precision': 0.5767829255596044, 'recall': 0.5233821445441663, 'f1-score': 0.5487865279841506, 'support': 2117.0}, '6': {'precision': 0.7595858895705522, 'recall': 0.8108882521489972, 'f1-score': 0.7843991288853692, 'support': 2443.0}, '7': {'precision': 0.7633289986996099, 'recall': 0.6361994219653179, 'f1-score': 0.6939901477832512, 'support': 2768.0}, '8': {'precision': 0.717766219545579, 'recall': 0.7434079954635667, 'f1-score': 0.7303621169916434, 'support': 3527.0}, '9': {'precision': 0.5845721173161912, 'recall': 0.568359375, 'f1-score': 0.5763517528223411, 'support': 2560.0}, '10': {'precision': 0.7164929931728351, 'recall': 0.7725687717938784, 'f1-score': 0.7434750186428039, 'support': 2581.0}, 'accuracy': 0.6969141890939834, 'macro avg': {'precision': 0.6910678731497887, 'recall': 0.6947107322605763, 'f1-score': 0.690711158435906, 'support': 28388.0}, 'weighted avg': {'precision': 0.6942707517457447, 'recall': 0.6969141890939834, 'f1-score': 0.6934826149334286, 'support': 28388.0}}, {'0': {'precision': 0.8815573770491804, 'recall': 0.875814332247557, 'f1-score': 0.8786764705882353, 'support': 2456.0}, '1': {'precision': 0.657339977002683, 'recall': 0.802526906878802, 'f1-score': 0.7227138643067846, 'support': 2137.0}, '2': {'precision': 0.5830039525691699, 'recall': 0.45932269365511874, 'f1-score': 0.513825386457653, 'support': 2569.0}, '3': {'precision': 0.7051420352391227, 'recall': 0.7453439756746484, 'f1-score': 0.7246858832224686, 'support': 2631.0}, '4': {'precision': 0.8567208271787297, 'recall': 0.8926510196229319, 'f1-score': 0.8743169398907104, 'support': 2599.0}, '5': {'precision': 0.6627534685165422, 'recall': 0.586679263108172, 'f1-score': 0.6224004009020295, 'support': 2117.0}, '6': {'precision': 0.8022489336952308, 'recall': 0.84690953745395, 'f1-score': 0.8239745121465551, 'support': 2443.0}, '7': {'precision': 0.804867813680235, 'recall': 0.6929190751445087, 'f1-score': 0.7447097650941564, 'support': 2768.0}, '8': {'precision': 0.7488217355142778, 'recall': 0.765806634533598, 'f1-score': 0.7572189514998598, 'support': 3527.0}, '9': {'precision': 0.611239414934565, 'recall': 0.6203125, 'f1-score': 0.615742535866615, 'support': 2560.0}, '10': {'precision': 0.7464991023339318, 'recall': 0.8055017435102674, 'f1-score': 0.7748788669399925, 'support': 2581.0}, 'accuracy': 0.7370720022544737, 'macro avg': {'precision': 0.7327449670648789, 'recall': 0.735798880166323, 'f1-score': 0.7321039615377327, 'support': 28388.0}, 'weighted avg': {'precision': 0.7352692130561663, 'recall': 0.7370720022544737, 'f1-score': 0.7341273476161476, 'support': 28388.0}}, {'0': {'precision': 0.9862068965517241, 'recall': 0.9898208469055375, 'f1-score': 0.9880105669579354, 'support': 2456.0}, '1': {'precision': 0.8158205430932703, 'recall': 0.9700514740290126, 'f1-score': 0.8862761864044464, 'support': 2137.0}, '2': {'precision': 0.8985997102848865, 'recall': 0.7244063838069288, 'f1-score': 0.8021551724137931, 'support': 2569.0}, '3': {'precision': 0.9260213470739787, 'recall': 0.9562903838844545, 'f1-score': 0.9409124906507106, 'support': 2631.0}, '4': {'precision': 0.985418265541059, 'recall': 0.9880723355136591, 'f1-score': 0.9867435158501441, 'support': 2599.0}, '5': {'precision': 0.9492307692307692, 'recall': 0.8743504959848842, 'f1-score': 0.9102532579296779, 'support': 2117.0}, '6': {'precision': 0.9117759877253548, 'recall': 0.9729840360212854, 'f1-score': 0.9413861386138613, 'support': 2443.0}, '7': {'precision': 0.9435453519006398, 'recall': 0.9057080924855492, 'f1-score': 0.9242396313364055, 'support': 2768.0}, '8': {'precision': 0.9394877568252181, 'recall': 0.9464133824780266, 'f1-score': 0.9429378531073447, 'support': 3527.0}, '9': {'precision': 0.8740740740740741, 'recall': 0.87578125, 'f1-score': 0.8749268292682927, 'support': 2560.0}, '10': {'precision': 0.9329819277108434, 'recall': 0.9600929872142581, 'f1-score': 0.9463433263318694, 'support': 2581.0}, 'accuracy': 0.9244046780329717, 'macro avg': {'precision': 0.9239238754556197, 'recall': 0.9239974243930541, 'f1-score': 0.9221986335331347, 'support': 28388.0}, 'weighted avg': {'precision': 0.9257239905750841, 'recall': 0.9244046780329717, 'f1-score': 0.9234368169871608, 'support': 28388.0}}]
