==========================================
SLURM_JOB_ID = 23006279
SLURM_JOB_NODELIST = d06-28
TMPDIR = /tmp/SLURM_23006279
==========================================
/home1/bansalsi/csci-467-project/csci467/lib/python3.9/site-packages/datasets/load.py:1461: FutureWarning: The repository for ccdv/arxiv-classification contains custom code which must be executed to correctly load the dataset. You can inspect the repository content at https://hf.co/datasets/ccdv/arxiv-classification
You can avoid this message in future by passing the argument `trust_remote_code=True`.
Passing `trust_remote_code=True` will be mandatory to load this dataset from the next major release of `datasets`.
  warnings.warn(
=== Loading Data ===
=== Data Loaded, Processing ===
=== Classification Report ===
              precision    recall  f1-score   support

           0       0.79      0.74      0.77       212
           1       0.66      0.75      0.70       194
           2       0.44      0.34      0.38       205
           3       0.61      0.69      0.65       233
           4       0.76      0.79      0.77       234
           5       0.57      0.56      0.56       196
           6       0.75      0.79      0.77       241
           7       0.72      0.66      0.69       236
           8       0.76      0.70      0.73       318
           9       0.55      0.58      0.56       219
          10       0.68      0.74      0.71       212

    accuracy                           0.67      2500
   macro avg       0.66      0.67      0.66      2500
weighted avg       0.67      0.67      0.67      2500


=== Testing Scores ===
Train score:  0.6969141890939834
Test score:  0.6708
